[0.281s] DEBUG:colcon:Command line arguments: ['/usr/bin/colcon', 'build']
[0.281s] DEBUG:colcon:Parsed command line arguments: Namespace(allow_overriding=[], ament_cmake_args=None, base_paths=['.'], build_base='build', catkin_cmake_args=None, catkin_skip_building_tests=False, cmake_args=None, cmake_clean_cache=False, cmake_clean_first=False, cmake_force_configure=False, cmake_target=None, cmake_target_skip_unavailable=False, continue_on_error=False, event_handlers=None, executor='parallel', ignore_user_meta=False, install_base='install', log_base=None, log_level=None, main=<bound method BuildVerb.main of <colcon_core.verb.build.BuildVerb object at 0x7eff01b8b190>>, merge_install=False, metas=['./colcon.meta'], packages_above=None, packages_above_and_dependencies=None, packages_above_depth=None, packages_end=None, packages_ignore=None, packages_ignore_regex=None, packages_select=None, packages_select_build_failed=False, packages_select_by_dep=None, packages_select_regex=None, packages_select_test_failures=False, packages_skip=None, packages_skip_build_finished=False, packages_skip_by_dep=None, packages_skip_regex=None, packages_skip_test_passed=False, packages_skip_up_to=None, packages_start=None, packages_up_to=None, packages_up_to_regex=None, parallel_workers=8, paths=None, symlink_install=False, test_result_base=None, verb_extension=<colcon_core.verb.build.BuildVerb object at 0x7eff01b8b190>, verb_name='build', verb_parser=<colcon_defaults.argument_parser.defaults.DefaultArgumentsDecorator object at 0x7eff01b8b6d0>)
[0.305s] Level 1:colcon.colcon_core.package_discovery:discover_packages(colcon_meta) check parameters
[0.305s] Level 1:colcon.colcon_core.package_discovery:discover_packages(recursive) check parameters
[0.305s] Level 1:colcon.colcon_core.package_discovery:discover_packages(ignore) check parameters
[0.305s] Level 1:colcon.colcon_core.package_discovery:discover_packages(path) check parameters
[0.305s] Level 1:colcon.colcon_core.package_discovery:discover_packages(colcon_meta) discover
[0.305s] Level 1:colcon.colcon_core.package_discovery:discover_packages(recursive) discover
[0.305s] INFO:colcon.colcon_core.package_discovery:Crawling recursively for packages in '/home/fptlab/gcamp_ros2_ws/src/teleop_twist_keyboard'
[0.305s] Level 1:colcon.colcon_core.package_identification:_identify(.) by extensions ['ignore', 'ignore_ament_install']
[0.305s] Level 1:colcon.colcon_core.package_identification:_identify(.) by extension 'ignore'
[0.306s] Level 1:colcon.colcon_core.package_identification:_identify(.) by extension 'ignore_ament_install'
[0.306s] Level 1:colcon.colcon_core.package_identification:_identify(.) by extensions ['colcon_pkg']
[0.306s] Level 1:colcon.colcon_core.package_identification:_identify(.) by extension 'colcon_pkg'
[0.306s] Level 1:colcon.colcon_core.package_identification:_identify(.) by extensions ['colcon_meta']
[0.306s] Level 1:colcon.colcon_core.package_identification:_identify(.) by extension 'colcon_meta'
[0.306s] Level 1:colcon.colcon_core.package_identification:_identify(.) by extensions ['ros']
[0.306s] Level 1:colcon.colcon_core.package_identification:_identify(.) by extension 'ros'
[0.324s] DEBUG:colcon.colcon_core.package_identification:Package '.' with type 'ros.ament_python' and name 'teleop_twist_keyboard'
[0.324s] Level 1:colcon.colcon_core.package_discovery:discover_packages(recursive) using defaults
[0.324s] Level 1:colcon.colcon_core.package_discovery:discover_packages(ignore) discover
[0.324s] Level 1:colcon.colcon_core.package_discovery:discover_packages(ignore) using defaults
[0.324s] Level 1:colcon.colcon_core.package_discovery:discover_packages(path) discover
[0.325s] Level 1:colcon.colcon_core.package_discovery:discover_packages(path) using defaults
[0.341s] Level 1:colcon.colcon_core.package_discovery:discover_packages(prefix_path) check parameters
[0.342s] Level 1:colcon.colcon_core.package_discovery:discover_packages(prefix_path) discover
[0.345s] DEBUG:colcon.colcon_installed_package_information.package_discovery:Found 14 installed packages in /home/fptlab/gcamp_ros2_ws/install
[0.347s] DEBUG:colcon.colcon_installed_package_information.package_discovery:Found 307 installed packages in /opt/ros/foxy
[0.349s] Level 1:colcon.colcon_core.package_discovery:discover_packages(prefix_path) using defaults
[0.419s] WARNING:colcon.colcon_core.package_selection:Some selected packages are already built in one or more underlay workspaces:
	'teleop_twist_keyboard' is in: /home/fptlab/gcamp_ros2_ws/install/teleop_twist_keyboard, /opt/ros/foxy
If a package in a merged underlay workspace is overridden and it installs headers, then all packages in the overlay must sort their include directories by workspace order. Failure to do so may result in build failures or undefined behavior at run time.
If the overridden package is used by another package in any underlay, then the overriding package in the overlay must be API and ABI compatible or undefined behavior at run time may occur.

If you understand the risks and want to override a package anyways, add the following to the command line:
	--allow-overriding teleop_twist_keyboard

This may be promoted to an error in a future release of colcon-override-check.
[0.421s] Level 5:colcon.colcon_core.verb:set package 'teleop_twist_keyboard' build argument 'cmake_args' from command line to 'None'
[0.421s] Level 5:colcon.colcon_core.verb:set package 'teleop_twist_keyboard' build argument 'cmake_target' from command line to 'None'
[0.421s] Level 5:colcon.colcon_core.verb:set package 'teleop_twist_keyboard' build argument 'cmake_target_skip_unavailable' from command line to 'False'
[0.421s] Level 5:colcon.colcon_core.verb:set package 'teleop_twist_keyboard' build argument 'cmake_clean_cache' from command line to 'False'
[0.421s] Level 5:colcon.colcon_core.verb:set package 'teleop_twist_keyboard' build argument 'cmake_clean_first' from command line to 'False'
[0.421s] Level 5:colcon.colcon_core.verb:set package 'teleop_twist_keyboard' build argument 'cmake_force_configure' from command line to 'False'
[0.421s] Level 5:colcon.colcon_core.verb:set package 'teleop_twist_keyboard' build argument 'ament_cmake_args' from command line to 'None'
[0.421s] Level 5:colcon.colcon_core.verb:set package 'teleop_twist_keyboard' build argument 'catkin_cmake_args' from command line to 'None'
[0.421s] Level 5:colcon.colcon_core.verb:set package 'teleop_twist_keyboard' build argument 'catkin_skip_building_tests' from command line to 'False'
[0.421s] DEBUG:colcon.colcon_core.verb:Building package 'teleop_twist_keyboard' with the following arguments: {'ament_cmake_args': None, 'build_base': '/home/fptlab/gcamp_ros2_ws/src/teleop_twist_keyboard/build/teleop_twist_keyboard', 'catkin_cmake_args': None, 'catkin_skip_building_tests': False, 'cmake_args': None, 'cmake_clean_cache': False, 'cmake_clean_first': False, 'cmake_force_configure': False, 'cmake_target': None, 'cmake_target_skip_unavailable': False, 'install_base': '/home/fptlab/gcamp_ros2_ws/src/teleop_twist_keyboard/install/teleop_twist_keyboard', 'merge_install': False, 'path': '/home/fptlab/gcamp_ros2_ws/src/teleop_twist_keyboard', 'symlink_install': False, 'test_result_base': None}
[0.421s] INFO:colcon.colcon_core.executor:Executing jobs using 'parallel' executor
[0.424s] DEBUG:colcon.colcon_parallel_executor.executor.parallel:run_until_complete
[0.425s] INFO:colcon.colcon_ros.task.ament_python.build:Building ROS package in '/home/fptlab/gcamp_ros2_ws/src/teleop_twist_keyboard' with build type 'ament_python'
[0.425s] Level 1:colcon.colcon_core.shell:create_environment_hook('teleop_twist_keyboard', 'ament_prefix_path')
[0.429s] INFO:colcon.colcon_core.plugin_system:Skipping extension 'colcon_core.shell.bat': Not used on non-Windows systems
[0.429s] INFO:colcon.colcon_core.shell:Creating environment hook '/home/fptlab/gcamp_ros2_ws/src/teleop_twist_keyboard/install/teleop_twist_keyboard/share/teleop_twist_keyboard/hook/ament_prefix_path.ps1'
[0.429s] INFO:colcon.colcon_core.shell:Creating environment descriptor '/home/fptlab/gcamp_ros2_ws/src/teleop_twist_keyboard/install/teleop_twist_keyboard/share/teleop_twist_keyboard/hook/ament_prefix_path.dsv'
[0.430s] INFO:colcon.colcon_core.shell:Creating environment hook '/home/fptlab/gcamp_ros2_ws/src/teleop_twist_keyboard/install/teleop_twist_keyboard/share/teleop_twist_keyboard/hook/ament_prefix_path.sh'
[0.431s] INFO:colcon.colcon_core.shell:Skip shell extension 'powershell' for command environment: Not usable outside of PowerShell
[0.431s] DEBUG:colcon.colcon_core.shell:Skip shell extension 'dsv' for command environment
[0.649s] INFO:colcon.colcon_core.task.python.build:Building Python package in '/home/fptlab/gcamp_ros2_ws/src/teleop_twist_keyboard'
[0.650s] INFO:colcon.colcon_core.shell:Skip shell extension 'powershell' for command environment: Not usable outside of PowerShell
[0.651s] DEBUG:colcon.colcon_core.shell:Skip shell extension 'dsv' for command environment
[1.013s] DEBUG:colcon.colcon_core.event_handler.log_command:Invoking command in '/home/fptlab/gcamp_ros2_ws/src/teleop_twist_keyboard': PYTHONPATH=/home/fptlab/gcamp_ros2_ws/src/teleop_twist_keyboard/build/teleop_twist_keyboard/prefix_override:/home/fptlab/gcamp_ros2_ws/src/teleop_twist_keyboard/install/teleop_twist_keyboard/lib/python3.8/site-packages:${PYTHONPATH} /usr/bin/python3 setup.py egg_info --egg-base build/teleop_twist_keyboard build --build-base /home/fptlab/gcamp_ros2_ws/src/teleop_twist_keyboard/build/teleop_twist_keyboard/build install --record /home/fptlab/gcamp_ros2_ws/src/teleop_twist_keyboard/build/teleop_twist_keyboard/install.log --single-version-externally-managed
[1.283s] DEBUG:colcon.colcon_core.event_handler.log_command:Invoked command in '/home/fptlab/gcamp_ros2_ws/src/teleop_twist_keyboard' returned '0': PYTHONPATH=/home/fptlab/gcamp_ros2_ws/src/teleop_twist_keyboard/build/teleop_twist_keyboard/prefix_override:/home/fptlab/gcamp_ros2_ws/src/teleop_twist_keyboard/install/teleop_twist_keyboard/lib/python3.8/site-packages:${PYTHONPATH} /usr/bin/python3 setup.py egg_info --egg-base build/teleop_twist_keyboard build --build-base /home/fptlab/gcamp_ros2_ws/src/teleop_twist_keyboard/build/teleop_twist_keyboard/build install --record /home/fptlab/gcamp_ros2_ws/src/teleop_twist_keyboard/build/teleop_twist_keyboard/install.log --single-version-externally-managed
[1.288s] Level 1:colcon.colcon_core.environment:checking '/home/fptlab/gcamp_ros2_ws/src/teleop_twist_keyboard/install/teleop_twist_keyboard' for CMake module files
[1.288s] Level 1:colcon.colcon_core.environment:checking '/home/fptlab/gcamp_ros2_ws/src/teleop_twist_keyboard/install/teleop_twist_keyboard' for CMake config files
[1.289s] Level 1:colcon.colcon_core.environment:checking '/home/fptlab/gcamp_ros2_ws/src/teleop_twist_keyboard/install/teleop_twist_keyboard/lib'
[1.289s] Level 1:colcon.colcon_core.environment:checking '/home/fptlab/gcamp_ros2_ws/src/teleop_twist_keyboard/install/teleop_twist_keyboard/bin'
[1.289s] Level 1:colcon.colcon_core.environment:checking '/home/fptlab/gcamp_ros2_ws/src/teleop_twist_keyboard/install/teleop_twist_keyboard/lib/pkgconfig/teleop_twist_keyboard.pc'
[1.290s] Level 1:colcon.colcon_core.environment:checking '/home/fptlab/gcamp_ros2_ws/src/teleop_twist_keyboard/install/teleop_twist_keyboard/lib/python3.8/site-packages'
[1.290s] Level 1:colcon.colcon_core.shell:create_environment_hook('teleop_twist_keyboard', 'pythonpath')
[1.291s] INFO:colcon.colcon_core.shell:Creating environment hook '/home/fptlab/gcamp_ros2_ws/src/teleop_twist_keyboard/install/teleop_twist_keyboard/share/teleop_twist_keyboard/hook/pythonpath.ps1'
[1.291s] INFO:colcon.colcon_core.shell:Creating environment descriptor '/home/fptlab/gcamp_ros2_ws/src/teleop_twist_keyboard/install/teleop_twist_keyboard/share/teleop_twist_keyboard/hook/pythonpath.dsv'
[1.291s] INFO:colcon.colcon_core.shell:Creating environment hook '/home/fptlab/gcamp_ros2_ws/src/teleop_twist_keyboard/install/teleop_twist_keyboard/share/teleop_twist_keyboard/hook/pythonpath.sh'
[1.292s] Level 1:colcon.colcon_core.environment:checking '/home/fptlab/gcamp_ros2_ws/src/teleop_twist_keyboard/install/teleop_twist_keyboard/bin'
[1.292s] Level 1:colcon.colcon_core.environment:create_environment_scripts_only(teleop_twist_keyboard)
[1.293s] INFO:colcon.colcon_core.shell:Creating package script '/home/fptlab/gcamp_ros2_ws/src/teleop_twist_keyboard/install/teleop_twist_keyboard/share/teleop_twist_keyboard/package.ps1'
[1.294s] INFO:colcon.colcon_core.shell:Creating package descriptor '/home/fptlab/gcamp_ros2_ws/src/teleop_twist_keyboard/install/teleop_twist_keyboard/share/teleop_twist_keyboard/package.dsv'
[1.294s] INFO:colcon.colcon_core.shell:Creating package script '/home/fptlab/gcamp_ros2_ws/src/teleop_twist_keyboard/install/teleop_twist_keyboard/share/teleop_twist_keyboard/package.sh'
[1.295s] INFO:colcon.colcon_core.shell:Creating package script '/home/fptlab/gcamp_ros2_ws/src/teleop_twist_keyboard/install/teleop_twist_keyboard/share/teleop_twist_keyboard/package.bash'
[1.295s] INFO:colcon.colcon_core.shell:Creating package script '/home/fptlab/gcamp_ros2_ws/src/teleop_twist_keyboard/install/teleop_twist_keyboard/share/teleop_twist_keyboard/package.zsh'
[1.296s] Level 1:colcon.colcon_core.environment:create_file_with_runtime_dependencies(/home/fptlab/gcamp_ros2_ws/src/teleop_twist_keyboard/install/teleop_twist_keyboard/share/colcon-core/packages/teleop_twist_keyboard)
[1.296s] DEBUG:colcon.colcon_parallel_executor.executor.parallel:closing loop
[1.297s] DEBUG:colcon.colcon_parallel_executor.executor.parallel:loop closed
[1.297s] DEBUG:colcon.colcon_parallel_executor.executor.parallel:run_until_complete finished with '0'
[1.297s] DEBUG:colcon.colcon_core.event_reactor:joining thread
[1.303s] INFO:colcon.colcon_core.plugin_system:Skipping extension 'colcon_notification.desktop_notification.terminal_notifier': Not used on non-Darwin systems
[1.303s] INFO:colcon.colcon_core.plugin_system:Skipping extension 'colcon_notification.desktop_notification.win32': Not used on non-Windows systems
[1.303s] INFO:colcon.colcon_notification.desktop_notification:Sending desktop notification using 'notify2'
[1.312s] DEBUG:colcon.colcon_core.event_reactor:joined thread
[1.314s] INFO:colcon.colcon_core.shell:Creating prefix script '/home/fptlab/gcamp_ros2_ws/src/teleop_twist_keyboard/install/local_setup.ps1'
[1.314s] INFO:colcon.colcon_core.shell:Creating prefix util module '/home/fptlab/gcamp_ros2_ws/src/teleop_twist_keyboard/install/_local_setup_util_ps1.py'
[1.315s] INFO:colcon.colcon_core.shell:Creating prefix chain script '/home/fptlab/gcamp_ros2_ws/src/teleop_twist_keyboard/install/setup.ps1'
[1.317s] INFO:colcon.colcon_core.shell:Creating prefix script '/home/fptlab/gcamp_ros2_ws/src/teleop_twist_keyboard/install/local_setup.sh'
[1.318s] INFO:colcon.colcon_core.shell:Creating prefix util module '/home/fptlab/gcamp_ros2_ws/src/teleop_twist_keyboard/install/_local_setup_util_sh.py'
[1.318s] INFO:colcon.colcon_core.shell:Creating prefix chain script '/home/fptlab/gcamp_ros2_ws/src/teleop_twist_keyboard/install/setup.sh'
[1.320s] INFO:colcon.colcon_core.shell:Creating prefix script '/home/fptlab/gcamp_ros2_ws/src/teleop_twist_keyboard/install/local_setup.bash'
[1.320s] INFO:colcon.colcon_core.shell:Creating prefix chain script '/home/fptlab/gcamp_ros2_ws/src/teleop_twist_keyboard/install/setup.bash'
[1.322s] INFO:colcon.colcon_core.shell:Creating prefix script '/home/fptlab/gcamp_ros2_ws/src/teleop_twist_keyboard/install/local_setup.zsh'
[1.322s] INFO:colcon.colcon_core.shell:Creating prefix chain script '/home/fptlab/gcamp_ros2_ws/src/teleop_twist_keyboard/install/setup.zsh'
